<?xml version="1.0" encoding="UTF-8"?>
<testsuite name="Regression Test"
           tests="5"
           failures="0"
           errors="0"
           skipped="0"
           time="61.962">
  <properties />
  
  
            <testcase name="verifyUserShouldNavigateToDesktopsPageSuccessfully" time="2.496" classname="com.nopcommerce.testsuite.ComputerPageTest" />
                <testcase name="verifyUserShouldNavigateToComputerPageSuccessfully" time="1.376" classname="com.nopcommerce.testsuite.ComputerPageTest" />
                <testcase name="VerifyThatUserShouldBuildYouOwnComputerAndAddThemToCartSuccessfully" time="19.049" classname="com.nopcommerce.testsuite.ComputerPageTest" />
                <testcase name="VerifyThatUserShouldBuildYouOwnComputerAndAddThemToCartSuccessfully" time="19.191" classname="com.nopcommerce.testsuite.ComputerPageTest" />
                <testcase name="VerifyThatUserShouldBuildYouOwnComputerAndAddThemToCartSuccessfully" time="19.850" classname="com.nopcommerce.testsuite.ComputerPageTest" />
      
</testsuite>
