<?xml version="1.0" encoding="UTF-8"?>
<testsuite name="Regression Test"
           tests="3"
           failures="0"
           errors="0"
           skipped="0"
           time="6.137">
  <properties />
  
  
            <testcase name="verifyUserShouldNavigateToRegisterPagsuccessFully" time="1.415" classname="com.nopcommerce.testsuite.RegisterPageTest" />
                <testcase name="VerifyThatUserShouldCreateAccountSuccessfully" time="3.121" classname="com.nopcommerce.testsuite.RegisterPageTest" />
                <testcase name="verifyThatFirstNameLastNameEmailAndPasswordAndConfirmPasswordFieldsAreMandatory" time="1.601" classname="com.nopcommerce.testsuite.RegisterPageTest" />
      
</testsuite>
